2025-07-27 10:20:11,399 - Analytics Dashboard - INFO - data has been loaded
2025-07-27 10:20:11,401 - Analytics Dashboard - INFO - 7032 - 1869 - 5163
2025-07-27 10:22:17,387 - Analytics Dashboard - INFO - data has been loaded
2025-07-27 10:22:17,390 - Analytics Dashboard - INFO - 7032 - 1869 - 5163
2025-07-27 10:22:25,269 - Analytics Dashboard - INFO - data has been loaded
2025-07-27 10:22:25,271 - Analytics Dashboard - INFO - 7032 - 1869 - 5163
2025-07-27 10:22:38,160 - Analytics Dashboard - INFO - data has been loaded
2025-07-27 10:22:38,162 - Analytics Dashboard - INFO - 7032 - 1869 - 5163
2025-07-27 10:24:44,114 - Analytics Dashboard - INFO - data has been loaded
2025-07-27 10:24:44,116 - Analytics Dashboard - INFO - 7032 - 1869 - 5163
2025-07-27 10:56:39,941 - Analytics Dashboard - INFO - data has been loaded
2025-07-27 10:56:39,950 - Analytics Dashboard - INFO - 7032 - 1869 - 5163
2025-07-27 10:56:39,956 - Analytics Dashboard - INFO - Cards created
2025-07-27 10:57:07,316 - Analytics Dashboard - INFO - data has been loaded
2025-07-27 10:57:07,318 - Analytics Dashboard - INFO - 7032 - 1869 - 5163
2025-07-27 10:57:07,320 - Analytics Dashboard - INFO - Cards created
2025-07-27 10:57:09,145 - Analytics Dashboard - INFO - data has been loaded
2025-07-27 10:57:09,147 - Analytics Dashboard - INFO - 7032 - 1869 - 5163
2025-07-27 10:57:09,149 - Analytics Dashboard - INFO - Cards created
2025-07-27 10:57:14,067 - Analytics Dashboard - INFO - data has been loaded
2025-07-27 10:57:14,068 - Analytics Dashboard - INFO - 7032 - 1869 - 5163
2025-07-27 10:57:14,073 - Analytics Dashboard - INFO - Cards created
2025-07-27 10:57:15,157 - Analytics Dashboard - INFO - data has been loaded
2025-07-27 10:57:15,159 - Analytics Dashboard - INFO - 7032 - 1869 - 5163
2025-07-27 10:57:15,161 - Analytics Dashboard - INFO - Cards created
2025-07-27 10:57:20,376 - Analytics Dashboard - INFO - data has been loaded
2025-07-27 10:57:20,377 - Analytics Dashboard - INFO - 7032 - 1869 - 5163
2025-07-27 10:57:20,379 - Analytics Dashboard - INFO - Cards created
2025-07-27 10:57:22,319 - Analytics Dashboard - INFO - data has been loaded
2025-07-27 10:57:22,322 - Analytics Dashboard - INFO - 7032 - 1869 - 5163
2025-07-27 10:57:22,324 - Analytics Dashboard - INFO - Cards created
2025-07-27 10:57:24,790 - Analytics Dashboard - INFO - data has been loaded
2025-07-27 10:57:24,792 - Analytics Dashboard - INFO - 7032 - 1869 - 5163
2025-07-27 10:57:24,794 - Analytics Dashboard - INFO - Cards created
2025-07-27 10:57:27,825 - Analytics Dashboard - INFO - data has been loaded
2025-07-27 10:57:27,827 - Analytics Dashboard - INFO - 7032 - 1869 - 5163
2025-07-27 10:57:27,829 - Analytics Dashboard - INFO - Cards created
2025-07-27 10:57:29,298 - Analytics Dashboard - INFO - data has been loaded
2025-07-27 10:57:29,300 - Analytics Dashboard - INFO - 7032 - 1869 - 5163
2025-07-27 10:57:29,303 - Analytics Dashboard - INFO - Cards created
2025-07-27 10:57:31,837 - Analytics Dashboard - INFO - data has been loaded
2025-07-27 10:57:31,839 - Analytics Dashboard - INFO - 7032 - 1869 - 5163
2025-07-27 10:57:31,841 - Analytics Dashboard - INFO - Cards created
2025-07-27 11:21:53,891 - Analytics Dashboard - INFO - data has been loaded
2025-07-27 11:21:53,894 - Analytics Dashboard - INFO - 7032 - 1869 - 5163
2025-07-27 11:21:53,896 - Analytics Dashboard - INFO - Cards created
2025-07-27 11:21:54,118 - Analytics Dashboard - INFO - histogram has been loaded
2025-07-27 11:24:37,390 - Analytics Dashboard - INFO - data has been loaded
2025-07-27 11:24:37,392 - Analytics Dashboard - INFO - 7032 - 1869 - 5163
2025-07-27 11:24:37,394 - Analytics Dashboard - INFO - Cards created
2025-07-27 11:24:37,447 - Analytics Dashboard - INFO - histogram has been loaded
2025-07-27 11:24:41,553 - Analytics Dashboard - INFO - data has been loaded
2025-07-27 11:24:41,555 - Analytics Dashboard - INFO - 7032 - 1869 - 5163
2025-07-27 11:24:41,557 - Analytics Dashboard - INFO - Cards created
2025-07-27 11:24:41,606 - Analytics Dashboard - INFO - histogram has been loaded
2025-07-27 11:24:47,339 - Analytics Dashboard - INFO - data has been loaded
2025-07-27 11:24:47,342 - Analytics Dashboard - INFO - 7032 - 1869 - 5163
2025-07-27 11:24:47,344 - Analytics Dashboard - INFO - Cards created
2025-07-27 11:24:47,404 - Analytics Dashboard - INFO - histogram has been loaded
2025-07-27 11:24:51,597 - Analytics Dashboard - INFO - data has been loaded
2025-07-27 11:24:51,600 - Analytics Dashboard - INFO - 7032 - 1869 - 5163
2025-07-27 11:24:51,602 - Analytics Dashboard - INFO - Cards created
2025-07-27 11:24:51,658 - Analytics Dashboard - INFO - histogram has been loaded
2025-07-27 11:26:39,665 - Analytics Dashboard - INFO - data has been loaded
2025-07-27 11:26:39,668 - Analytics Dashboard - INFO - 7032 - 1869 - 5163
2025-07-27 11:26:39,672 - Analytics Dashboard - INFO - Cards created
2025-07-27 11:26:39,726 - Analytics Dashboard - INFO - histogram has been loaded
2025-07-27 11:26:41,203 - Analytics Dashboard - INFO - data has been loaded
2025-07-27 11:26:41,205 - Analytics Dashboard - INFO - 7032 - 1869 - 5163
2025-07-27 11:26:41,207 - Analytics Dashboard - INFO - Cards created
2025-07-27 11:26:41,260 - Analytics Dashboard - INFO - histogram has been loaded
2025-07-27 11:26:44,517 - Analytics Dashboard - INFO - data has been loaded
2025-07-27 11:26:44,520 - Analytics Dashboard - INFO - 7032 - 1869 - 5163
2025-07-27 11:26:44,522 - Analytics Dashboard - INFO - Cards created
2025-07-27 11:26:44,574 - Analytics Dashboard - INFO - histogram has been loaded
2025-07-27 11:36:12,501 - Analytics Dashboard - INFO - data has been loaded
2025-07-27 11:36:12,503 - Analytics Dashboard - INFO - 7032 - 1869 - 5163
2025-07-27 11:36:12,506 - Analytics Dashboard - INFO - Cards created
2025-07-27 11:36:12,677 - Analytics Dashboard - INFO - histogram has been loaded
2025-07-27 11:36:12,717 - Analytics Dashboard - INFO - pie chart has been created
2025-07-27 11:36:21,067 - Analytics Dashboard - INFO - data has been loaded
2025-07-27 11:36:21,070 - Analytics Dashboard - INFO - 7032 - 1869 - 5163
2025-07-27 11:36:21,072 - Analytics Dashboard - INFO - Cards created
2025-07-27 11:36:21,130 - Analytics Dashboard - INFO - histogram has been loaded
2025-07-27 11:36:21,160 - Analytics Dashboard - INFO - pie chart has been created
2025-07-27 11:36:24,486 - Analytics Dashboard - INFO - data has been loaded
2025-07-27 11:36:24,488 - Analytics Dashboard - INFO - 7032 - 1869 - 5163
2025-07-27 11:36:24,490 - Analytics Dashboard - INFO - Cards created
2025-07-27 11:36:24,542 - Analytics Dashboard - INFO - histogram has been loaded
2025-07-27 11:36:24,580 - Analytics Dashboard - INFO - pie chart has been created
2025-07-27 11:36:28,170 - Analytics Dashboard - INFO - data has been loaded
2025-07-27 11:36:28,172 - Analytics Dashboard - INFO - 7032 - 1869 - 5163
2025-07-27 11:36:28,176 - Analytics Dashboard - INFO - Cards created
2025-07-27 11:36:28,230 - Analytics Dashboard - INFO - histogram has been loaded
2025-07-27 11:36:28,259 - Analytics Dashboard - INFO - pie chart has been created
2025-07-27 11:36:36,250 - Analytics Dashboard - INFO - data has been loaded
2025-07-27 11:36:36,252 - Analytics Dashboard - INFO - 7032 - 1869 - 5163
2025-07-27 11:36:36,255 - Analytics Dashboard - INFO - Cards created
2025-07-27 11:36:36,306 - Analytics Dashboard - INFO - histogram has been loaded
2025-07-27 11:36:36,336 - Analytics Dashboard - INFO - pie chart has been created
2025-07-27 11:37:11,208 - Analytics Dashboard - INFO - data has been loaded
2025-07-27 11:37:11,211 - Analytics Dashboard - INFO - 7032 - 1869 - 5163
2025-07-27 11:37:11,214 - Analytics Dashboard - INFO - Cards created
2025-07-27 11:37:11,254 - Analytics Dashboard - INFO - histogram has been loaded
2025-07-27 11:37:11,277 - Analytics Dashboard - INFO - pie chart has been created
2025-07-27 11:37:14,647 - Analytics Dashboard - INFO - data has been loaded
2025-07-27 11:37:14,649 - Analytics Dashboard - INFO - 7032 - 1869 - 5163
2025-07-27 11:37:14,653 - Analytics Dashboard - INFO - Cards created
2025-07-27 11:37:14,700 - Analytics Dashboard - INFO - histogram has been loaded
2025-07-27 11:37:14,729 - Analytics Dashboard - INFO - pie chart has been created
2025-07-27 11:37:15,718 - Analytics Dashboard - INFO - data has been loaded
2025-07-27 11:37:15,722 - Analytics Dashboard - INFO - 7032 - 1869 - 5163
2025-07-27 11:37:15,724 - Analytics Dashboard - INFO - Cards created
2025-07-27 11:37:15,773 - Analytics Dashboard - INFO - histogram has been loaded
2025-07-27 11:37:15,804 - Analytics Dashboard - INFO - pie chart has been created
2025-07-27 11:37:21,589 - Analytics Dashboard - INFO - data has been loaded
2025-07-27 11:37:21,591 - Analytics Dashboard - INFO - 7032 - 1869 - 5163
2025-07-27 11:37:21,593 - Analytics Dashboard - INFO - Cards created
2025-07-27 11:37:21,651 - Analytics Dashboard - INFO - histogram has been loaded
2025-07-27 11:37:21,683 - Analytics Dashboard - INFO - pie chart has been created
2025-07-27 11:37:22,843 - Analytics Dashboard - INFO - data has been loaded
2025-07-27 11:37:22,845 - Analytics Dashboard - INFO - 7032 - 1869 - 5163
2025-07-27 11:37:22,847 - Analytics Dashboard - INFO - Cards created
2025-07-27 11:37:22,905 - Analytics Dashboard - INFO - histogram has been loaded
2025-07-27 11:37:22,935 - Analytics Dashboard - INFO - pie chart has been created
2025-07-27 11:37:25,477 - Analytics Dashboard - INFO - data has been loaded
2025-07-27 11:37:25,479 - Analytics Dashboard - INFO - 7032 - 1869 - 5163
2025-07-27 11:37:25,480 - Analytics Dashboard - INFO - Cards created
2025-07-27 11:37:25,538 - Analytics Dashboard - INFO - histogram has been loaded
2025-07-27 11:37:25,571 - Analytics Dashboard - INFO - pie chart has been created
2025-07-27 11:39:08,054 - Analytics Dashboard - INFO - data has been loaded
2025-07-27 11:39:08,056 - Analytics Dashboard - INFO - 7032 - 1869 - 5163
2025-07-27 11:39:08,059 - Analytics Dashboard - INFO - Cards created
2025-07-27 11:39:08,221 - Analytics Dashboard - INFO - histogram has been loaded
2025-07-27 11:39:08,258 - Analytics Dashboard - INFO - Pie has been loaded
2025-07-27 11:40:46,091 - Analytics Dashboard - INFO - data has been loaded
2025-07-27 11:40:46,093 - Analytics Dashboard - INFO - 7032 - 1869 - 5163
2025-07-27 11:40:46,096 - Analytics Dashboard - INFO - Cards created
2025-07-27 11:40:46,150 - Analytics Dashboard - INFO - histogram has been loaded
2025-07-27 11:40:46,184 - Analytics Dashboard - INFO - Pie has been loaded
2025-07-27 11:40:47,923 - Analytics Dashboard - INFO - data has been loaded
2025-07-27 11:40:47,925 - Analytics Dashboard - INFO - 7032 - 1869 - 5163
2025-07-27 11:40:47,927 - Analytics Dashboard - INFO - Cards created
2025-07-27 11:40:47,981 - Analytics Dashboard - INFO - histogram has been loaded
2025-07-27 11:40:48,006 - Analytics Dashboard - INFO - Pie has been loaded
2025-07-27 11:40:50,293 - Analytics Dashboard - INFO - data has been loaded
2025-07-27 11:40:50,295 - Analytics Dashboard - INFO - 7032 - 1869 - 5163
2025-07-27 11:40:50,297 - Analytics Dashboard - INFO - Cards created
2025-07-27 11:40:50,349 - Analytics Dashboard - INFO - histogram has been loaded
2025-07-27 11:40:50,379 - Analytics Dashboard - INFO - Pie has been loaded
2025-07-27 11:41:04,058 - Analytics Dashboard - INFO - data has been loaded
2025-07-27 11:41:04,060 - Analytics Dashboard - INFO - 7032 - 1869 - 5163
2025-07-27 11:41:04,062 - Analytics Dashboard - INFO - Cards created
2025-07-27 11:41:04,114 - Analytics Dashboard - INFO - histogram has been loaded
2025-07-27 11:41:04,145 - Analytics Dashboard - INFO - Pie has been loaded
2025-07-27 11:41:08,538 - Analytics Dashboard - INFO - data has been loaded
2025-07-27 11:41:08,540 - Analytics Dashboard - INFO - 7032 - 1869 - 5163
2025-07-27 11:41:08,542 - Analytics Dashboard - INFO - Cards created
2025-07-27 11:41:08,592 - Analytics Dashboard - INFO - histogram has been loaded
2025-07-27 11:41:08,623 - Analytics Dashboard - INFO - Pie has been loaded
2025-07-27 11:42:18,631 - Analytics Dashboard - INFO - data has been loaded
2025-07-27 11:42:18,633 - Analytics Dashboard - INFO - 7032 - 1869 - 5163
2025-07-27 11:42:18,637 - Analytics Dashboard - INFO - Cards created
2025-07-27 11:42:18,696 - Analytics Dashboard - INFO - histogram has been loaded
2025-07-27 11:42:18,729 - Analytics Dashboard - INFO - Pie has been loaded
2025-07-27 11:48:48,095 - Analytics Dashboard - INFO - data has been loaded
2025-07-27 11:48:48,098 - Analytics Dashboard - INFO - 7032 - 1869 - 5163
2025-07-27 11:48:48,100 - Analytics Dashboard - INFO - Cards created
2025-07-27 11:48:48,284 - Analytics Dashboard - INFO - histogram has been loaded
2025-07-27 11:48:48,321 - Analytics Dashboard - INFO - Pie has been loaded
2025-07-27 11:48:48,353 - Analytics Dashboard - INFO - Pie has been loaded
2025-07-27 11:48:54,039 - Analytics Dashboard - INFO - data has been loaded
2025-07-27 11:48:54,043 - Analytics Dashboard - INFO - 7032 - 1869 - 5163
2025-07-27 11:48:54,047 - Analytics Dashboard - INFO - Cards created
2025-07-27 11:48:54,102 - Analytics Dashboard - INFO - histogram has been loaded
2025-07-27 11:48:54,137 - Analytics Dashboard - INFO - Pie has been loaded
2025-07-27 11:48:54,174 - Analytics Dashboard - INFO - Pie has been loaded
2025-07-27 11:59:42,214 - Analytics Dashboard - INFO - data has been loaded
2025-07-27 11:59:42,216 - Analytics Dashboard - INFO - 7032 - 1869 - 5163
2025-07-27 11:59:42,219 - Analytics Dashboard - INFO - Cards created
2025-07-27 11:59:42,382 - Analytics Dashboard - INFO - histogram has been loaded
2025-07-27 11:59:42,421 - Analytics Dashboard - INFO - Pie has been loaded
2025-07-27 11:59:42,453 - Analytics Dashboard - INFO - Pie has been loaded
2025-07-27 11:59:42,505 - Analytics Dashboard - INFO - Box has been created
2025-08-02 13:42:12,782 - Analytics Dashboard - INFO - data has been loaded
2025-08-02 13:42:12,782 - Analytics Dashboard - INFO - data has been loaded
2025-08-02 13:42:12,790 - Analytics Dashboard - INFO - 7032 - 1869 - 5163
2025-08-02 13:42:12,790 - Analytics Dashboard - INFO - 7032 - 1869 - 5163
2025-08-02 13:42:12,794 - Analytics Dashboard - INFO - Cards created
2025-08-02 13:42:12,794 - Analytics Dashboard - INFO - Cards created
2025-08-02 13:42:13,093 - Analytics Dashboard - INFO - histogram has been loaded
2025-08-02 13:42:13,093 - Analytics Dashboard - INFO - histogram has been loaded
2025-08-02 13:42:13,152 - Analytics Dashboard - INFO - Pie has been loaded
2025-08-02 13:42:13,152 - Analytics Dashboard - INFO - Pie has been loaded
2025-08-02 13:42:13,193 - Analytics Dashboard - INFO - Pie has been loaded
2025-08-02 13:42:13,193 - Analytics Dashboard - INFO - Pie has been loaded
2025-08-02 13:42:13,254 - Analytics Dashboard - INFO - Box has been created
2025-08-02 13:42:13,254 - Analytics Dashboard - INFO - Box has been created
2025-08-02 13:44:29,119 - Analytics Dashboard - INFO - data has been loaded
2025-08-02 13:44:29,119 - Analytics Dashboard - INFO - data has been loaded
2025-08-02 13:44:29,123 - Analytics Dashboard - INFO - 7032 - 1869 - 5163
2025-08-02 13:44:29,123 - Analytics Dashboard - INFO - 7032 - 1869 - 5163
2025-08-02 13:44:29,128 - Analytics Dashboard - INFO - Cards created
2025-08-02 13:44:29,128 - Analytics Dashboard - INFO - Cards created
2025-08-02 13:44:29,225 - Analytics Dashboard - INFO - histogram has been loaded
2025-08-02 13:44:29,225 - Analytics Dashboard - INFO - histogram has been loaded
2025-08-02 13:44:29,293 - Analytics Dashboard - INFO - Pie has been loaded
2025-08-02 13:44:29,293 - Analytics Dashboard - INFO - Pie has been loaded
2025-08-02 13:44:29,359 - Analytics Dashboard - INFO - Pie has been loaded
2025-08-02 13:44:29,359 - Analytics Dashboard - INFO - Pie has been loaded
2025-08-02 13:44:29,445 - Analytics Dashboard - INFO - Box has been created
2025-08-02 13:44:29,445 - Analytics Dashboard - INFO - Box has been created
2025-08-02 13:54:41,470 - Analytics Dashboard - INFO - data has been loaded
2025-08-02 13:54:41,472 - Analytics Dashboard - INFO - 7032 - 1869 - 5163
2025-08-02 13:54:41,475 - Analytics Dashboard - INFO - Cards created
2025-08-02 13:54:41,697 - Analytics Dashboard - INFO - histogram has been loaded
2025-08-02 13:54:41,743 - Analytics Dashboard - INFO - Pie has been loaded
2025-08-02 13:54:41,773 - Analytics Dashboard - INFO - Pie has been loaded
2025-08-02 13:54:41,832 - Analytics Dashboard - INFO - Box has been created
2025-08-02 13:54:55,296 - Retrain Model - INFO - Retraining website loaded
2025-08-02 13:55:03,701 - Retrain Model - INFO - Retraining website loaded
2025-08-02 13:55:06,405 - Retrain Model - INFO - Retraining website loaded
2025-08-02 13:56:00,498 - Analytics Dashboard - INFO - data has been loaded
2025-08-02 13:56:00,500 - Analytics Dashboard - INFO - 7032 - 1869 - 5163
2025-08-02 13:56:00,503 - Analytics Dashboard - INFO - Cards created
2025-08-02 13:56:00,681 - Analytics Dashboard - INFO - histogram has been loaded
2025-08-02 13:56:00,721 - Analytics Dashboard - INFO - Pie has been loaded
2025-08-02 13:56:00,757 - Analytics Dashboard - INFO - Pie has been loaded
2025-08-02 13:56:00,822 - Analytics Dashboard - INFO - Box has been created
2025-08-02 13:56:03,036 - Predict Churn - ERROR - [Errno 2] No such file or directory: 'model/churn_model.pkl'
2025-08-02 13:56:03,037 - Predict Churn - ERROR - Error has occured
2025-08-02 13:57:01,333 - Analytics Dashboard - INFO - data has been loaded
2025-08-02 13:57:01,335 - Analytics Dashboard - INFO - 7032 - 1869 - 5163
2025-08-02 13:57:01,338 - Analytics Dashboard - INFO - Cards created
2025-08-02 13:57:01,498 - Analytics Dashboard - INFO - histogram has been loaded
2025-08-02 13:57:01,538 - Analytics Dashboard - INFO - Pie has been loaded
2025-08-02 13:57:01,569 - Analytics Dashboard - INFO - Pie has been loaded
2025-08-02 13:57:01,627 - Analytics Dashboard - INFO - Box has been created
2025-08-02 13:57:03,996 - Predict Churn - ERROR - [Errno 2] No such file or directory: 'model/churn_model.pkl'
2025-08-02 13:57:03,996 - Predict Churn - ERROR - Error has occured
2025-08-02 13:57:06,764 - Retrain Model - INFO - Retraining website loaded
2025-08-02 13:57:07,235 - Retrain Model - INFO - Retraining website loaded
2025-08-02 13:57:14,411 - Predict Churn - ERROR - [Errno 2] No such file or directory: 'model/churn_model.pkl'
2025-08-02 13:57:14,411 - Predict Churn - ERROR - Error has occured
2025-08-02 13:58:09,037 - Retrain Model - INFO - Retraining website loaded
2025-08-02 14:16:09,703 - Retrain Model - INFO - Retraining website loaded
2025-08-02 14:16:09,759 - Retrain Model - INFO - Dataframe has been uploaded
2025-08-02 14:16:09,773 - Retrain Model - INFO - Null values has been dropped
2025-08-02 14:16:09,778 - Retrain Model - INFO - CustomerID column has been dropped
2025-08-02 14:16:09,780 - Retrain Model - INFO - Rows: 7032 | Columns: 20
2025-08-02 14:16:17,879 - Retrain Model - INFO - Retraining website loaded
2025-08-02 14:16:17,923 - Retrain Model - INFO - Dataframe has been uploaded
2025-08-02 14:16:17,943 - Retrain Model - INFO - Null values has been dropped
2025-08-02 14:16:17,945 - Retrain Model - INFO - CustomerID column has been dropped
2025-08-02 14:16:17,947 - Retrain Model - INFO - Rows: 7032 | Columns: 20
2025-08-02 14:16:18,126 - Retrain Model - INFO - Model fitting has been completed
2025-08-02 14:16:18,135 - Retrain Model - INFO - model has been updated
2025-08-02 14:16:18,137 - Retrain Model - INFO - Selected features model has been updated
2025-08-02 14:16:20,347 - Predict Churn - INFO - model has been loaded
2025-08-02 14:16:20,358 - Predict Churn - INFO - Feature model has been loaded
2025-08-02 14:16:30,022 - Retrain Model - INFO - Retraining website loaded
2025-08-02 14:18:15,353 - Predict Churn - INFO - model has been loaded
2025-08-02 14:18:15,354 - Predict Churn - INFO - Feature model has been loaded
2025-08-02 14:18:17,203 - Predict Churn - INFO - model has been loaded
2025-08-02 14:18:17,203 - Predict Churn - INFO - Feature model has been loaded
2025-08-02 14:19:58,220 - Retrain Model - INFO - Retraining website loaded
2025-08-02 14:19:59,943 - Predict Churn - INFO - model has been loaded
2025-08-02 14:19:59,944 - Predict Churn - INFO - Feature model has been loaded
2025-08-02 14:20:01,638 - Predict Churn - INFO - model has been loaded
2025-08-02 14:20:01,639 - Predict Churn - INFO - Feature model has been loaded
2025-08-02 14:20:22,830 - Retrain Model - INFO - Retraining website loaded
2025-08-02 14:20:32,045 - Retrain Model - INFO - Retraining website loaded
2025-08-02 14:20:32,090 - Retrain Model - INFO - Dataframe has been uploaded
2025-08-02 14:20:32,103 - Retrain Model - INFO - Null values has been dropped
2025-08-02 14:20:32,105 - Retrain Model - INFO - CustomerID column has been dropped
2025-08-02 14:20:32,107 - Retrain Model - INFO - Rows: 7032 | Columns: 20
2025-08-02 14:20:36,122 - Retrain Model - INFO - Retraining website loaded
2025-08-02 14:20:36,168 - Retrain Model - INFO - Dataframe has been uploaded
2025-08-02 14:20:36,181 - Retrain Model - INFO - Null values has been dropped
2025-08-02 14:20:36,184 - Retrain Model - INFO - CustomerID column has been dropped
2025-08-02 14:20:36,185 - Retrain Model - INFO - Rows: 7032 | Columns: 20
2025-08-02 14:20:36,336 - Retrain Model - INFO - Model fitting has been completed
2025-08-02 14:20:36,343 - Retrain Model - INFO - model has been updated
2025-08-02 14:20:36,345 - Retrain Model - INFO - Selected features model has been updated
2025-08-02 14:20:39,192 - Predict Churn - INFO - model has been loaded
2025-08-02 14:20:39,195 - Predict Churn - INFO - Feature model has been loaded
2025-08-02 14:20:40,775 - Predict Churn - INFO - model has been loaded
2025-08-02 14:20:40,775 - Predict Churn - INFO - Feature model has been loaded
2025-08-02 14:39:53,549 - Analytics Dashboard - INFO - data has been loaded
2025-08-02 14:39:53,552 - Analytics Dashboard - INFO - 7032 - 1869 - 5163
2025-08-02 14:39:53,554 - Analytics Dashboard - INFO - Cards created
2025-08-02 14:39:53,610 - Analytics Dashboard - INFO - histogram has been loaded
2025-08-02 14:39:53,650 - Analytics Dashboard - INFO - Pie has been loaded
2025-08-02 14:39:53,687 - Analytics Dashboard - INFO - Pie has been loaded
2025-08-02 14:39:53,739 - Analytics Dashboard - INFO - Box has been created
2025-08-02 14:39:54,425 - Predict Churn - INFO - model has been loaded
2025-08-02 14:39:54,426 - Predict Churn - INFO - Feature model has been loaded
2025-08-02 14:41:01,589 - Predict Churn - INFO - model has been loaded
2025-08-02 14:41:01,589 - Predict Churn - INFO - Feature model has been loaded
2025-08-02 14:42:18,997 - Predict Churn - INFO - model has been loaded
2025-08-02 14:42:18,998 - Predict Churn - INFO - Feature model has been loaded
2025-08-02 14:42:44,992 - Predict Churn - INFO - model has been loaded
2025-08-02 14:42:44,993 - Predict Churn - INFO - Feature model has been loaded
2025-08-02 14:42:46,818 - Predict Churn - INFO - model has been loaded
2025-08-02 14:42:46,819 - Predict Churn - INFO - Feature model has been loaded
2025-08-02 14:42:49,282 - Predict Churn - INFO - model has been loaded
2025-08-02 14:42:49,283 - Predict Churn - INFO - Feature model has been loaded
2025-08-02 14:42:51,765 - Predict Churn - INFO - model has been loaded
2025-08-02 14:42:51,766 - Predict Churn - INFO - Feature model has been loaded
2025-08-02 14:42:56,687 - Predict Churn - INFO - model has been loaded
2025-08-02 14:42:56,688 - Predict Churn - INFO - Feature model has been loaded
2025-08-02 14:43:00,449 - Predict Churn - INFO - model has been loaded
2025-08-02 14:43:00,449 - Predict Churn - INFO - Feature model has been loaded
2025-08-02 14:43:05,428 - Predict Churn - INFO - model has been loaded
2025-08-02 14:43:05,429 - Predict Churn - INFO - Feature model has been loaded
2025-08-02 14:43:07,426 - Predict Churn - INFO - model has been loaded
2025-08-02 14:43:07,427 - Predict Churn - INFO - Feature model has been loaded
2025-08-02 14:49:07,466 - Predict Churn - INFO - model has been loaded
2025-08-02 14:49:07,467 - Predict Churn - INFO - Feature model has been loaded
2025-08-02 21:32:11,810 - Predict Churn - INFO - model has been loaded
2025-08-02 21:32:11,811 - Predict Churn - INFO - Feature model has been loaded
2025-08-02 21:32:16,487 - Predict Churn - INFO - model has been loaded
2025-08-02 21:32:16,487 - Predict Churn - INFO - Feature model has been loaded
2025-08-02 21:33:03,807 - Retrain Model - INFO - Retraining website loaded
2025-08-02 21:33:13,977 - Retrain Model - INFO - Retraining website loaded
2025-08-02 21:33:14,039 - Retrain Model - INFO - Dataframe has been uploaded
2025-08-02 21:33:14,056 - Retrain Model - INFO - Null values has been dropped
2025-08-02 21:33:14,060 - Retrain Model - INFO - CustomerID column has been dropped
2025-08-02 21:33:14,063 - Retrain Model - INFO - Rows: 7032 | Columns: 20
2025-08-02 21:33:21,941 - Retrain Model - INFO - Retraining website loaded
2025-08-02 21:33:21,991 - Retrain Model - INFO - Dataframe has been uploaded
2025-08-02 21:33:22,006 - Retrain Model - INFO - Null values has been dropped
2025-08-02 21:33:22,009 - Retrain Model - INFO - CustomerID column has been dropped
2025-08-02 21:33:22,010 - Retrain Model - INFO - Rows: 7032 | Columns: 20
2025-08-02 21:33:22,180 - Retrain Model - INFO - Model fitting has been completed
2025-08-02 21:33:22,187 - Retrain Model - INFO - model has been updated
2025-08-02 21:33:22,188 - Retrain Model - INFO - Selected features model has been updated
2025-08-15 10:36:15,912 - Analytics Dashboard - INFO - data has been loaded
2025-08-15 10:36:15,915 - Analytics Dashboard - INFO - 7032 - 1869 - 5163
2025-08-15 10:36:15,918 - Analytics Dashboard - INFO - Cards created
2025-08-15 10:36:16,351 - Analytics Dashboard - INFO - histogram has been loaded
2025-08-15 10:36:16,463 - Analytics Dashboard - INFO - Pie has been loaded
2025-08-15 10:36:16,510 - Analytics Dashboard - INFO - Pie has been loaded
2025-08-15 10:36:16,566 - Analytics Dashboard - INFO - Box has been created
2025-08-15 10:36:33,326 - Retrain Model - INFO - Retraining website loaded
2025-08-15 10:36:33,395 - Predict Churn - INFO - model has been loaded
2025-08-15 10:36:33,404 - Predict Churn - INFO - Feature model has been loaded
2025-08-15 10:36:42,568 - Predict Churn - INFO - model has been loaded
2025-08-15 10:36:42,568 - Predict Churn - INFO - Feature model has been loaded
2025-08-15 10:36:46,804 - Predict Churn - INFO - model has been loaded
2025-08-15 10:36:46,805 - Predict Churn - INFO - Feature model has been loaded
2025-08-19 23:05:08,275 - Predict Churn - INFO - model has been loaded
2025-08-19 23:05:08,276 - Predict Churn - INFO - model has been loaded
2025-08-19 23:05:08,276 - Predict Churn - INFO - Feature model has been loaded
2025-08-19 23:05:08,276 - Predict Churn - INFO - Feature model has been loaded
2025-08-19 23:05:35,733 - Retrain Model - INFO - Retraining website loaded
2025-08-19 23:06:07,622 - Retrain Model - INFO - Retraining website loaded
2025-08-19 23:06:07,672 - Retrain Model - INFO - Dataframe has been uploaded
2025-08-19 23:06:07,689 - Retrain Model - INFO - Null values has been dropped
2025-08-19 23:06:07,691 - Retrain Model - INFO - CustomerID column has been dropped
2025-08-19 23:06:07,693 - Retrain Model - INFO - Rows: 7032 | Columns: 20
2025-08-19 23:06:12,597 - Retrain Model - INFO - Retraining website loaded
2025-08-19 23:06:12,642 - Retrain Model - INFO - Dataframe has been uploaded
2025-08-19 23:06:12,653 - Retrain Model - INFO - Null values has been dropped
2025-08-19 23:06:12,655 - Retrain Model - INFO - CustomerID column has been dropped
2025-08-19 23:06:12,656 - Retrain Model - INFO - Rows: 7032 | Columns: 20
2025-08-19 23:06:12,804 - Retrain Model - INFO - Model fitting has been completed
2025-08-19 23:06:12,813 - Retrain Model - INFO - model has been updated
2025-08-19 23:06:12,814 - Retrain Model - INFO - Selected features model has been updated
2025-08-19 23:06:15,220 - Predict Churn - INFO - model has been loaded
2025-08-19 23:06:15,223 - Predict Churn - INFO - Feature model has been loaded
2025-08-19 23:06:16,616 - Predict Churn - INFO - model has been loaded
2025-08-19 23:06:16,617 - Predict Churn - INFO - Feature model has been loaded
2025-08-19 23:07:01,175 - Predict Churn - INFO - model has been loaded
2025-08-19 23:07:01,176 - Predict Churn - INFO - Feature model has been loaded
2025-08-19 23:07:04,199 - Retrain Model - INFO - Retraining website loaded
2025-08-19 23:07:11,611 - Retrain Model - INFO - Retraining website loaded
2025-08-19 23:07:11,665 - Retrain Model - INFO - Dataframe has been uploaded
2025-08-19 23:07:11,675 - Retrain Model - INFO - Null values has been dropped
2025-08-19 23:07:11,678 - Retrain Model - INFO - CustomerID column has been dropped
2025-08-19 23:07:11,679 - Retrain Model - INFO - Rows: 7032 | Columns: 20
2025-08-19 23:07:16,488 - Retrain Model - INFO - Retraining website loaded
2025-08-19 23:07:16,533 - Retrain Model - INFO - Dataframe has been uploaded
2025-08-19 23:07:16,543 - Retrain Model - INFO - Null values has been dropped
2025-08-19 23:07:16,545 - Retrain Model - INFO - CustomerID column has been dropped
2025-08-19 23:07:16,546 - Retrain Model - INFO - Rows: 7032 | Columns: 20
2025-08-19 23:07:16,681 - Retrain Model - INFO - Model fitting has been completed
2025-08-19 23:07:16,689 - Retrain Model - INFO - model has been updated
2025-08-19 23:07:16,691 - Retrain Model - INFO - Selected features model has been updated
2025-08-19 23:07:18,975 - Predict Churn - INFO - model has been loaded
2025-08-19 23:07:18,977 - Predict Churn - INFO - Feature model has been loaded
2025-08-19 23:07:20,497 - Predict Churn - INFO - model has been loaded
2025-08-19 23:07:20,498 - Predict Churn - INFO - Feature model has been loaded
2025-08-19 23:07:24,079 - Predict Churn - INFO - model has been loaded
2025-08-19 23:07:24,080 - Predict Churn - INFO - Feature model has been loaded
2025-08-19 23:07:26,408 - Predict Churn - INFO - model has been loaded
2025-08-19 23:07:26,408 - Predict Churn - INFO - Feature model has been loaded
2025-08-19 23:09:30,259 - Analytics Dashboard - INFO - data has been loaded
2025-08-19 23:09:30,261 - Analytics Dashboard - INFO - 7032 - 1869 - 5163
2025-08-19 23:09:30,264 - Analytics Dashboard - INFO - Cards created
2025-08-19 23:09:30,454 - Analytics Dashboard - INFO - histogram has been loaded
2025-08-19 23:09:30,493 - Analytics Dashboard - INFO - Pie has been loaded
2025-08-19 23:09:30,526 - Analytics Dashboard - INFO - Pie has been loaded
2025-08-19 23:09:30,564 - Analytics Dashboard - INFO - Box has been created
2025-08-19 23:09:36,566 - Analytics Dashboard - INFO - data has been loaded
2025-08-19 23:09:36,568 - Analytics Dashboard - INFO - 7032 - 1869 - 5163
2025-08-19 23:09:36,571 - Analytics Dashboard - INFO - Cards created
2025-08-19 23:09:36,624 - Analytics Dashboard - INFO - histogram has been loaded
2025-08-19 23:09:36,669 - Analytics Dashboard - INFO - Pie has been loaded
2025-08-19 23:09:36,711 - Analytics Dashboard - INFO - Pie has been loaded
2025-08-19 23:09:36,753 - Analytics Dashboard - INFO - Box has been created
2025-08-19 23:10:18,405 - Retrain Model - INFO - Retraining website loaded
2025-08-19 23:10:18,464 - Predict Churn - INFO - model has been loaded
2025-08-19 23:10:18,464 - Predict Churn - INFO - Feature model has been loaded
